<?xml version="1.0" encoding="UTF-8"?>
<robot generator="Robot 5.0 (Python 3.10.4 on win32)" generated="20220509 20:41:53.827" rpa="false" schemaversion="3">
<suite id="s1" name="Consulta Petz" source="C:\Users\corre\PycharmProjects\133PetsRobotFramework2\consulta_petz.robot">
<test id="s1-t1" name="Consulta Produto com Clique na Lupa" line="15">
<kw name="Dado que acesso o site como cliente">
<kw name="Open Browser" library="SeleniumLibrary">
<arg>${url}</arg>
<arg>${browser}</arg>
<doc>Opens a new browser instance to the optional ``url``.</doc>
<msg timestamp="20220509 20:41:54.223" level="INFO">Opening browser 'Chrome' to base url 'https://www.petz.com.br'.</msg>
<status status="PASS" starttime="20220509 20:41:54.223" endtime="20220509 20:42:03.515"/>
</kw>
<status status="PASS" starttime="20220509 20:41:54.222" endtime="20220509 20:42:03.516"/>
</kw>
<kw name="Quando escrevo &quot;Ração&quot; na barra de pesquisa" sourcename="Quando escrevo &quot;${palavra_chave}&quot; na barra de pesquisa">
<kw name="Set Test Variable" library="BuiltIn">
<arg>${palavra_chave}</arg>
<doc>Makes a variable available everywhere within the scope of the current test.</doc>
<msg timestamp="20220509 20:42:03.528" level="INFO">${palavra_chave} = Ração</msg>
<status status="PASS" starttime="20220509 20:42:03.527" endtime="20220509 20:42:03.528"/>
</kw>
<kw name="Input Text" library="SeleniumLibrary">
<arg>name = q</arg>
<arg>${palavra_chave}</arg>
<doc>Types the given ``text`` into the text field identified by ``locator``.</doc>
<msg timestamp="20220509 20:42:03.530" level="INFO">Typing text 'Ração' into text field 'name = q'.</msg>
<status status="PASS" starttime="20220509 20:42:03.528" endtime="20220509 20:42:04.026"/>
</kw>
<status status="PASS" starttime="20220509 20:42:03.526" endtime="20220509 20:42:04.026"/>
</kw>
<kw name="E clico no botao da lupa">
<kw name="Click Button" library="SeleniumLibrary">
<arg>class = button-search</arg>
<doc>Clicks the button identified by ``locator``.</doc>
<msg timestamp="20220509 20:42:04.032" level="INFO">Clicking button 'class = button-search'.</msg>
<status status="PASS" starttime="20220509 20:42:04.031" endtime="20220509 20:42:09.815"/>
</kw>
<status status="PASS" starttime="20220509 20:42:04.031" endtime="20220509 20:42:09.815"/>
</kw>
<kw name="Entao exibe um grid e a frase do resultado esperado">
<kw name="Convert To Upper Case" library="String">
<var>${palavra_chave_upper}</var>
<arg>${palavra_chave}</arg>
<doc>Converts string to upper case.</doc>
<msg timestamp="20220509 20:42:09.834" level="INFO">${palavra_chave_upper} = RAÇÃO</msg>
<status status="PASS" starttime="20220509 20:42:09.833" endtime="20220509 20:42:09.834"/>
</kw>
<kw name="Element Should Contain" library="SeleniumLibrary">
<arg>css = h1.h2Categoria.nomeCategoria</arg>
<arg>RESULTADOS PARA "${palavra_chave_upper}"</arg>
<doc>Verifies that element ``locator`` contains text ``expected``.</doc>
<msg timestamp="20220509 20:42:09.886" level="INFO">Element 'css = h1.h2Categoria.nomeCategoria' contains text 'RESULTADOS PARA "RAÇÃO"'.</msg>
<status status="PASS" starttime="20220509 20:42:09.834" endtime="20220509 20:42:09.886"/>
</kw>
<status status="PASS" starttime="20220509 20:42:09.832" endtime="20220509 20:42:09.886"/>
</kw>
<kw name="Feche o browser">
<kw name="Close Browser" library="SeleniumLibrary">
<doc>Closes the current browser.</doc>
<status status="PASS" starttime="20220509 20:42:09.887" endtime="20220509 20:42:12.789"/>
</kw>
<status status="PASS" starttime="20220509 20:42:09.887" endtime="20220509 20:42:12.790"/>
</kw>
<kw name="Close Browser" library="SeleniumLibrary" type="TEARDOWN">
<doc>Closes the current browser.</doc>
<status status="PASS" starttime="20220509 20:42:12.790" endtime="20220509 20:42:12.790"/>
</kw>
<tag>rapido</tag>
<status status="PASS" starttime="20220509 20:41:54.221" endtime="20220509 20:42:12.791"/>
</test>
<test id="s1-t2" name="Consulta Produto Apertando Enter" line="23">
<kw name="Dado que acesso o site como cliente">
<kw name="Open Browser" library="SeleniumLibrary">
<arg>${url}</arg>
<arg>${browser}</arg>
<doc>Opens a new browser instance to the optional ``url``.</doc>
<msg timestamp="20220509 20:42:12.794" level="INFO">Opening browser 'Chrome' to base url 'https://www.petz.com.br'.</msg>
<status status="PASS" starttime="20220509 20:42:12.793" endtime="20220509 20:42:21.305"/>
</kw>
<status status="PASS" starttime="20220509 20:42:12.793" endtime="20220509 20:42:21.305"/>
</kw>
<kw name="Quando escrevo &quot;Coleira&quot; na barra de pesquisa" sourcename="Quando escrevo &quot;${palavra_chave}&quot; na barra de pesquisa">
<kw name="Set Test Variable" library="BuiltIn">
<arg>${palavra_chave}</arg>
<doc>Makes a variable available everywhere within the scope of the current test.</doc>
<msg timestamp="20220509 20:42:21.313" level="INFO">${palavra_chave} = Coleira</msg>
<status status="PASS" starttime="20220509 20:42:21.312" endtime="20220509 20:42:21.313"/>
</kw>
<kw name="Input Text" library="SeleniumLibrary">
<arg>name = q</arg>
<arg>${palavra_chave}</arg>
<doc>Types the given ``text`` into the text field identified by ``locator``.</doc>
<msg timestamp="20220509 20:42:21.314" level="INFO">Typing text 'Coleira' into text field 'name = q'.</msg>
<status status="PASS" starttime="20220509 20:42:21.313" endtime="20220509 20:42:21.724"/>
</kw>
<status status="PASS" starttime="20220509 20:42:21.311" endtime="20220509 20:42:21.724"/>
</kw>
<kw name="E aperto a tecla Enter">
<kw name="Press Keys" library="SeleniumLibrary">
<arg>name = q</arg>
<arg>ENTER</arg>
<doc>Simulates the user pressing key(s) to an element or on the active browser.</doc>
<msg timestamp="20220509 20:42:21.727" level="INFO">Sending key(s) ('ENTER',) to name = q element.</msg>
<msg timestamp="20220509 20:42:22.628" level="INFO">Pressing special key ENTER to element.</msg>
<msg timestamp="20220509 20:42:22.628" level="INFO">Releasing special key ENTER.</msg>
<status status="PASS" starttime="20220509 20:42:21.726" endtime="20220509 20:42:27.516"/>
</kw>
<status status="PASS" starttime="20220509 20:42:21.725" endtime="20220509 20:42:27.517"/>
</kw>
<kw name="Entao exibe um grid e a frase do resultado esperado">
<kw name="Convert To Upper Case" library="String">
<var>${palavra_chave_upper}</var>
<arg>${palavra_chave}</arg>
<doc>Converts string to upper case.</doc>
<msg timestamp="20220509 20:42:27.527" level="INFO">${palavra_chave_upper} = COLEIRA</msg>
<status status="PASS" starttime="20220509 20:42:27.526" endtime="20220509 20:42:27.527"/>
</kw>
<kw name="Element Should Contain" library="SeleniumLibrary">
<arg>css = h1.h2Categoria.nomeCategoria</arg>
<arg>RESULTADOS PARA "${palavra_chave_upper}"</arg>
<doc>Verifies that element ``locator`` contains text ``expected``.</doc>
<msg timestamp="20220509 20:42:27.631" level="INFO">Element 'css = h1.h2Categoria.nomeCategoria' contains text 'RESULTADOS PARA "COLEIRA"'.</msg>
<status status="PASS" starttime="20220509 20:42:27.527" endtime="20220509 20:42:27.631"/>
</kw>
<status status="PASS" starttime="20220509 20:42:27.525" endtime="20220509 20:42:27.632"/>
</kw>
<kw name="Feche o browser">
<kw name="Close Browser" library="SeleniumLibrary">
<doc>Closes the current browser.</doc>
<status status="PASS" starttime="20220509 20:42:27.633" endtime="20220509 20:42:30.084"/>
</kw>
<status status="PASS" starttime="20220509 20:42:27.633" endtime="20220509 20:42:30.084"/>
</kw>
<kw name="Close Browser" library="SeleniumLibrary" type="TEARDOWN">
<doc>Closes the current browser.</doc>
<status status="PASS" starttime="20220509 20:42:30.085" endtime="20220509 20:42:30.085"/>
</kw>
<tag>rapido</tag>
<status status="PASS" starttime="20220509 20:42:12.792" endtime="20220509 20:42:30.085"/>
</test>
<doc>Consultas no site da Petz</doc>
<status status="PASS" starttime="20220509 20:41:53.836" endtime="20220509 20:42:30.088"/>
</suite>
<statistics>
<total>
<stat pass="2" fail="0" skip="0">All Tests</stat>
</total>
<tag>
<stat pass="2" fail="0" skip="0">rapido</stat>
</tag>
<suite>
<stat pass="2" fail="0" skip="0" id="s1" name="Consulta Petz">Consulta Petz</stat>
</suite>
</statistics>
<errors>
</errors>
</robot>
