<?xml version="1.0" encoding="UTF-8"?>
<robot generator="Robot 5.0 (Python 3.10.4 on win32)" generated="20220518 21:47:18.672" rpa="false" schemaversion="3">
<suite id="s1" name="Compra Blazedemo" source="C:\Users\corre\PycharmProjects\133PetsRobotFramework2\compra_blazedemo.robot">
<test id="s1-t1" name="Compra de Passagem" line="15">
<kw name="Open Browser" library="SeleniumLibrary" type="SETUP">
<arg>${url}</arg>
<arg>${browser}</arg>
<doc>Opens a new browser instance to the optional ``url``.</doc>
<msg timestamp="20220518 21:47:19.007" level="INFO">Opening browser 'Chrome' to base url 'https://www.blazedemo.com'.</msg>
<status status="PASS" starttime="20220518 21:47:19.007" endtime="20220518 21:47:22.207"/>
</kw>
<kw name="Dado que acesso o site blazedemo">
<kw name="Wait Until Element Is Visible" library="SeleniumLibrary">
<arg>xpath = //h1</arg>
<arg>30000ms</arg>
<doc>Waits until the element ``locator`` is visible.</doc>
<status status="PASS" starttime="20220518 21:47:22.240" endtime="20220518 21:47:22.296"/>
</kw>
<status status="PASS" starttime="20220518 21:47:22.240" endtime="20220518 21:47:22.296"/>
</kw>
<kw name="Quando seleciono a origem como &quot;São Paolo&quot;" sourcename="Quando seleciono a origem como &quot;${origem}&quot;">
<kw name="Set Test Variable" library="BuiltIn">
<arg>${origem}</arg>
<doc>Makes a variable available everywhere within the scope of the current test.</doc>
<msg timestamp="20220518 21:47:22.297" level="INFO">${origem} = São Paolo</msg>
<status status="PASS" starttime="20220518 21:47:22.297" endtime="20220518 21:47:22.297"/>
</kw>
<kw name="Select From List By Label" library="SeleniumLibrary">
<arg>name = fromPort</arg>
<arg>${origem}</arg>
<doc>Selects options from selection list ``locator`` by ``labels``.</doc>
<msg timestamp="20220518 21:47:22.298" level="INFO">Selecting options from selection list 'name = fromPort' by label São Paolo.</msg>
<status status="PASS" starttime="20220518 21:47:22.297" endtime="20220518 21:47:22.405"/>
</kw>
<status status="PASS" starttime="20220518 21:47:22.297" endtime="20220518 21:47:22.405"/>
</kw>
<kw name="E o destino como &quot;London&quot;" sourcename="E o destino como &quot;${destino}&quot;">
<kw name="Set Test Variable" library="BuiltIn">
<arg>${destino}</arg>
<doc>Makes a variable available everywhere within the scope of the current test.</doc>
<msg timestamp="20220518 21:47:22.409" level="INFO">${destino} = London</msg>
<status status="PASS" starttime="20220518 21:47:22.409" endtime="20220518 21:47:22.410"/>
</kw>
<kw name="Select From List By Label" library="SeleniumLibrary">
<arg>name = toPort</arg>
<arg>${destino}</arg>
<doc>Selects options from selection list ``locator`` by ``labels``.</doc>
<msg timestamp="20220518 21:47:22.410" level="INFO">Selecting options from selection list 'name = toPort' by label London.</msg>
<status status="PASS" starttime="20220518 21:47:22.410" endtime="20220518 21:47:22.514"/>
</kw>
<status status="PASS" starttime="20220518 21:47:22.408" endtime="20220518 21:47:22.514"/>
</kw>
<kw name="E clico no botão Find Flights">
<kw name="Click Button" library="SeleniumLibrary">
<arg>class = btn.btn-primary</arg>
<doc>Clicks the button identified by ``locator``.</doc>
<msg timestamp="20220518 21:47:22.515" level="INFO">Clicking button 'class = btn.btn-primary'.</msg>
<status status="PASS" starttime="20220518 21:47:22.515" endtime="20220518 21:47:23.071"/>
</kw>
<status status="PASS" starttime="20220518 21:47:22.514" endtime="20220518 21:47:23.071"/>
</kw>
<kw name="Entao exibe uma lista de voos para o trecho desejado">
<kw name="Wait Until Element Is Visible" library="SeleniumLibrary">
<arg>xpath = //h3</arg>
<arg>30000ms</arg>
<doc>Waits until the element ``locator`` is visible.</doc>
<status status="PASS" starttime="20220518 21:47:23.074" endtime="20220518 21:47:23.150"/>
</kw>
<kw name="Element Should Contain" library="SeleniumLibrary">
<arg>xpath = //h3</arg>
<arg>Flights from ${origem} to ${destino}</arg>
<doc>Verifies that element ``locator`` contains text ``expected``.</doc>
<msg timestamp="20220518 21:47:23.177" level="INFO">Element 'xpath = //h3' contains text 'Flights from São Paolo to London'.</msg>
<status status="PASS" starttime="20220518 21:47:23.151" endtime="20220518 21:47:23.177"/>
</kw>
<status status="PASS" starttime="20220518 21:47:23.073" endtime="20220518 21:47:23.177"/>
</kw>
<kw name="Quando seleciono o primeiro voo disponivel">
<kw name="Click Button" library="SeleniumLibrary">
<arg>class = btn.btn-small</arg>
<doc>Clicks the button identified by ``locator``.</doc>
<msg timestamp="20220518 21:47:23.178" level="INFO">Clicking button 'class = btn.btn-small'.</msg>
<status status="PASS" starttime="20220518 21:47:23.178" endtime="20220518 21:47:23.730"/>
</kw>
<status status="PASS" starttime="20220518 21:47:23.178" endtime="20220518 21:47:23.731"/>
</kw>
<kw name="E preencho o nome como &quot;Juca&quot;" sourcename="E preencho o nome como &quot;${nome}&quot;">
<kw name="Wait Until Element Is Enabled" library="SeleniumLibrary">
<arg>id = inputName</arg>
<doc>Waits until the element ``locator`` is enabled.</doc>
<status status="PASS" starttime="20220518 21:47:23.733" endtime="20220518 21:47:23.786"/>
</kw>
<kw name="Input Text" library="SeleniumLibrary">
<arg>id = inputName</arg>
<arg>${nome}</arg>
<doc>Types the given ``text`` into the text field identified by ``locator``.</doc>
<msg timestamp="20220518 21:47:23.788" level="INFO">Typing text 'Juca' into text field 'id = inputName'.</msg>
<status status="PASS" starttime="20220518 21:47:23.787" endtime="20220518 21:47:23.928"/>
</kw>
<status status="PASS" starttime="20220518 21:47:23.731" endtime="20220518 21:47:23.928"/>
</kw>
<kw name="E seleciono a bandeira como &quot;American Express&quot;" sourcename="E seleciono a bandeira como &quot;${bandeira}&quot;">
<kw name="Select From List By Label" library="SeleniumLibrary">
<arg>id = cardType</arg>
<arg>${bandeira}</arg>
<doc>Selects options from selection list ``locator`` by ``labels``.</doc>
<msg timestamp="20220518 21:47:23.939" level="INFO">Selecting options from selection list 'id = cardType' by label American Express.</msg>
<status status="PASS" starttime="20220518 21:47:23.938" endtime="20220518 21:47:24.037"/>
</kw>
<status status="PASS" starttime="20220518 21:47:23.938" endtime="20220518 21:47:24.037"/>
</kw>
<kw name="E marco a opcao Remember">
<kw name="Select Checkbox" library="SeleniumLibrary">
<arg>id = rememberMe</arg>
<doc>Selects the checkbox identified by ``locator``.</doc>
<msg timestamp="20220518 21:47:24.039" level="INFO">Selecting checkbox 'id = rememberMe'.</msg>
<status status="PASS" starttime="20220518 21:47:24.039" endtime="20220518 21:47:24.140"/>
</kw>
<status status="PASS" starttime="20220518 21:47:24.038" endtime="20220518 21:47:24.141"/>
</kw>
<kw name="E clico em Purchase Flight">
<kw name="Click Button" library="SeleniumLibrary">
<arg>class = btn.btn-primary</arg>
<doc>Clicks the button identified by ``locator``.</doc>
<msg timestamp="20220518 21:47:24.142" level="INFO">Clicking button 'class = btn.btn-primary'.</msg>
<status status="PASS" starttime="20220518 21:47:24.142" endtime="20220518 21:47:24.607"/>
</kw>
<status status="PASS" starttime="20220518 21:47:24.141" endtime="20220518 21:47:24.607"/>
</kw>
<kw name="Entao exibe a mensagem de obrigado">
<kw name="Wait Until Element Is Visible" library="SeleniumLibrary">
<arg>xpath = //h1</arg>
<doc>Waits until the element ``locator`` is visible.</doc>
<status status="PASS" starttime="20220518 21:47:24.608" endtime="20220518 21:47:24.629"/>
</kw>
<kw name="Element Should Contain" library="SeleniumLibrary">
<arg>xpath = //h1</arg>
<arg>Thank you for your purchase today!</arg>
<doc>Verifies that element ``locator`` contains text ``expected``.</doc>
<msg timestamp="20220518 21:47:24.646" level="INFO">Element 'xpath = //h1' contains text 'Thank you for your purchase today!'.</msg>
<status status="PASS" starttime="20220518 21:47:24.629" endtime="20220518 21:47:24.646"/>
</kw>
<status status="PASS" starttime="20220518 21:47:24.608" endtime="20220518 21:47:24.646"/>
</kw>
<kw name="E o valor como &quot;555 USD&quot;" sourcename="E o valor como &quot;${preco}&quot;">
<kw name="Element Should Contain" library="SeleniumLibrary">
<arg>xpath = //tbody/tr[3]/td[2]</arg>
<arg>${preco}</arg>
<doc>Verifies that element ``locator`` contains text ``expected``.</doc>
<msg timestamp="20220518 21:47:24.681" level="INFO">Element 'xpath = //tbody/tr[3]/td[2]' contains text '555 USD'.</msg>
<status status="PASS" starttime="20220518 21:47:24.647" endtime="20220518 21:47:24.681"/>
</kw>
<status status="PASS" starttime="20220518 21:47:24.646" endtime="20220518 21:47:24.681"/>
</kw>
<kw name="Close Browser" library="SeleniumLibrary" type="TEARDOWN">
<doc>Closes the current browser.</doc>
<status status="PASS" starttime="20220518 21:47:24.684" endtime="20220518 21:47:26.993"/>
</kw>
<tag>Regressao</tag>
<status status="PASS" starttime="20220518 21:47:19.006" endtime="20220518 21:47:26.993"/>
</test>
<doc>Teste do site Blazedemo</doc>
<status status="PASS" starttime="20220518 21:47:18.674" endtime="20220518 21:47:26.995"/>
</suite>
<statistics>
<total>
<stat pass="1" fail="0" skip="0">All Tests</stat>
</total>
<tag>
<stat pass="1" fail="0" skip="0">Regressao</stat>
</tag>
<suite>
<stat pass="1" fail="0" skip="0" id="s1" name="Compra Blazedemo">Compra Blazedemo</stat>
</suite>
</statistics>
<errors>
</errors>
</robot>
